Initializing n8n process
n8n ready on ::, port 5678
n8n Task Broker ready on 127.0.0.1, port 5679
Failed to start Python task runner in internal mode. because its virtual environment is missing from this system. Launching a Python runner in internal mode is intended only for debugging and is not recommended for production. Users are encouraged to deploy in external mode. See: https://docs.n8n.io/hosting/configuration/task-runners/#setting-up-external-mode
[license SDK] Skipping renewal on init: license cert is not initialized
Registered runner "JS Task Runner" (VbaHlF1ineKkBhBt0cbhM) 
Version: 2.1.4

Editor is now accessible via:
http://localhost:5678
(node:30738) [DEP0060] DeprecationWarning: The `util._extend` API is deprecated. Please use Object.assign() instead.
(Use `node --trace-deprecation ...` to show where the warning was created)
Could not find any entity of type "SharedWorkflow" matching: {
    "where": {
        "workflowId": "bj5o6bQ103WUac1v",
        "role": "workflow:owner"
    },
    "relations": [
        "project"
    ]
}
Could not find any entity of type "SharedWorkflow" matching: {
    "where": {
        "workflowId": "bj5o6bQ103WUac1v",
        "role": "workflow:owner"
    },
    "relations": [
        "project"
    ]
}
Could not find any entity of type "SharedWorkflow" matching: {
    "where": {
        "workflowId": "bj5o6bQ103WUac1v",
        "role": "workflow:owner"
    },
    "relations": [
        "project"
    ]
}
404 No successful execution found for the workflow
User attempted to access a workflow without permissions
404 Could not load the workflow - you can only access workflows owned by you
User attempted to access a workflow without permissions
404 Could not load the workflow - you can only access workflows owned by you
User attempted to access a workflow without permissions
404 Could not load the workflow - you can only access workflows owned by you
User attempted to access a workflow without permissions
404 Could not load the workflow - you can only access workflows owned by you
User attempted to access a workflow without permissions
404 Could not load the workflow - you can only access workflows owned by you
User attempted to access a workflow without permissions
404 Could not load the workflow - you can only access workflows owned by you
User attempted to access a workflow without permissions
404 Could not load the workflow - you can only access workflows owned by you
User attempted to access a workflow without permissions
404 Could not load the workflow - you can only access workflows owned by you
404 No successful execution found for the workflow
User attempted to access a workflow without permissions
404 Could not load the workflow - you can only access workflows owned by you
User attempted to access a workflow without permissions
404 Could not load the workflow - you can only access workflows owned by you
User attempted to access a workflow without permissions
404 Could not load the workflow - you can only access workflows owned by you
User attempted to access a workflow without permissions
404 Could not load the workflow - you can only access workflows owned by you
User attempted to access a workflow without permissions
404 Could not load the workflow - you can only access workflows owned by you
User attempted to access a workflow without permissions
404 Could not load the workflow - you can only access workflows owned by you
User attempted to access a workflow without permissions
404 Could not load the workflow - you can only access workflows owned by you
User attempted to access a workflow without permissions
404 Could not load the workflow - you can only access workflows owned by you
User attempted to access a workflow without permissions
404 Could not load the workflow - you can only access workflows owned by you
User attempted to access a workflow without permissions
404 Could not load the workflow - you can only access workflows owned by you
User attempted to access a workflow without permissions
404 Could not load the workflow - you can only access workflows owned by you
User attempted to access a workflow without permissions
404 Could not load the workflow - you can only access workflows owned by you
User attempted to access a workflow without permissions
404 Could not load the workflow - you can only access workflows owned by you
User attempted to access a workflow without permissions
404 Could not load the workflow - you can only access workflows owned by you
User attempted to access a workflow without permissions
404 Could not load the workflow - you can only access workflows owned by you
User attempted to access a workflow without permissions
404 Could not load the workflow - you can only access workflows owned by you
User attempted to access a workflow without permissions
404 Could not load the workflow - you can only access workflows owned by you
User attempted to access a workflow without permissions
404 Could not load the workflow - you can only access workflows owned by you
TypeError: fetch failed
    at node:internal/deps/undici/undici:13510:13
    at processTicksAndRejections (node:internal/process/task_queues:105:5)
    at runNextTicks (node:internal/process/task_queues:69:3)
    at processImmediate (node:internal/timers:453:9)
    at TelemetryController.sourceConfig (/Volumes/2TBSSD/anilexternal/.npm/_npx/a8a7eec953f1f314/node_modules/n8n/src/controllers/telemetry.controller.ts:48:20)
    at handler (/Volumes/2TBSSD/anilexternal/.npm/_npx/a8a7eec953f1f314/node_modules/n8n/src/controller.registry.ts:95:12)
    at /Volumes/2TBSSD/anilexternal/.npm/_npx/a8a7eec953f1f314/node_modules/n8n/src/controller.registry.ts:101:7
TypeError: fetch failed
    at node:internal/deps/undici/undici:13510:13
    at processTicksAndRejections (node:internal/process/task_queues:105:5)
    at TelemetryController.sourceConfig (/Volumes/2TBSSD/anilexternal/.npm/_npx/a8a7eec953f1f314/node_modules/n8n/src/controllers/telemetry.controller.ts:48:20)
    at handler (/Volumes/2TBSSD/anilexternal/.npm/_npx/a8a7eec953f1f314/node_modules/n8n/src/controller.registry.ts:95:12)
    at /Volumes/2TBSSD/anilexternal/.npm/_npx/a8a7eec953f1f314/node_modules/n8n/src/controller.registry.ts:101:7
Error fetching feature flags Error [PostHogFetchNetworkError]: Network error while fetching PostHog
    at new PostHogFetchNetworkError (/Volumes/2TBSSD/anilexternal/.npm/_npx/a8a7eec953f1f314/node_modules/posthog-core/src/index.ts:41:5)
    at PostHog.<anonymous> (/Volumes/2TBSSD/anilexternal/.npm/_npx/a8a7eec953f1f314/node_modules/posthog-core/src/index.ts:546:17)
    at step (/Volumes/2TBSSD/anilexternal/.npm/_npx/a8a7eec953f1f314/node_modules/node_modules/tslib/tslib.es6.js:102:23)
    at Object.throw (/Volumes/2TBSSD/anilexternal/.npm/_npx/a8a7eec953f1f314/node_modules/node_modules/tslib/tslib.es6.js:83:53)
    at rejected (/Volumes/2TBSSD/anilexternal/.npm/_npx/a8a7eec953f1f314/node_modules/node_modules/tslib/tslib.es6.js:74:65)
    at runNextTicks (node:internal/process/task_queues:65:5)
    at processTimers (node:internal/timers:520:9) {
  error: DOMException [TimeoutError]: The operation was aborted due to timeout
      at node:internal/deps/undici/undici:13510:13
      at runNextTicks (node:internal/process/task_queues:65:5)
      at processTimers (node:internal/timers:520:9),
  [cause]: DOMException [TimeoutError]: The operation was aborted due to timeout
      at node:internal/deps/undici/undici:13510:13
      at runNextTicks (node:internal/process/task_queues:65:5)
      at processTimers (node:internal/timers:520:9)
}
Error fetching feature flags Error [PostHogFetchNetworkError]: Network error while fetching PostHog
    at new PostHogFetchNetworkError (/Volumes/2TBSSD/anilexternal/.npm/_npx/a8a7eec953f1f314/node_modules/posthog-core/src/index.ts:41:5)
    at PostHog.<anonymous> (/Volumes/2TBSSD/anilexternal/.npm/_npx/a8a7eec953f1f314/node_modules/posthog-core/src/index.ts:546:17)
    at step (/Volumes/2TBSSD/anilexternal/.npm/_npx/a8a7eec953f1f314/node_modules/node_modules/tslib/tslib.es6.js:102:23)
    at Object.throw (/Volumes/2TBSSD/anilexternal/.npm/_npx/a8a7eec953f1f314/node_modules/node_modules/tslib/tslib.es6.js:83:53)
    at rejected (/Volumes/2TBSSD/anilexternal/.npm/_npx/a8a7eec953f1f314/node_modules/node_modules/tslib/tslib.es6.js:74:65) {
  error: DOMException [TimeoutError]: The operation was aborted due to timeout
      at node:internal/deps/undici/undici:13510:13,
  [cause]: DOMException [TimeoutError]: The operation was aborted due to timeout
      at node:internal/deps/undici/undici:13510:13
}
TypeError: fetch failed
    at node:internal/deps/undici/undici:13510:13
    at processTicksAndRejections (node:internal/process/task_queues:105:5)
    at TelemetryController.sourceConfig (/Volumes/2TBSSD/anilexternal/.npm/_npx/a8a7eec953f1f314/node_modules/n8n/src/controllers/telemetry.controller.ts:48:20)
    at handler (/Volumes/2TBSSD/anilexternal/.npm/_npx/a8a7eec953f1f314/node_modules/n8n/src/controller.registry.ts:95:12)
    at /Volumes/2TBSSD/anilexternal/.npm/_npx/a8a7eec953f1f314/node_modules/n8n/src/controller.registry.ts:101:7
TypeError: fetch failed
    at node:internal/deps/undici/undici:13510:13
    at processTicksAndRejections (node:internal/process/task_queues:105:5)
    at TelemetryController.sourceConfig (/Volumes/2TBSSD/anilexternal/.npm/_npx/a8a7eec953f1f314/node_modules/n8n/src/controllers/telemetry.controller.ts:48:20)
    at handler (/Volumes/2TBSSD/anilexternal/.npm/_npx/a8a7eec953f1f314/node_modules/n8n/src/controller.registry.ts:95:12)
    at /Volumes/2TBSSD/anilexternal/.npm/_npx/a8a7eec953f1f314/node_modules/n8n/src/controller.registry.ts:101:7
Error fetching feature flags Error [PostHogFetchNetworkError]: Network error while fetching PostHog
    at new PostHogFetchNetworkError (/Volumes/2TBSSD/anilexternal/.npm/_npx/a8a7eec953f1f314/node_modules/posthog-core/src/index.ts:41:5)
    at PostHog.<anonymous> (/Volumes/2TBSSD/anilexternal/.npm/_npx/a8a7eec953f1f314/node_modules/posthog-core/src/index.ts:546:17)
    at step (/Volumes/2TBSSD/anilexternal/.npm/_npx/a8a7eec953f1f314/node_modules/node_modules/tslib/tslib.es6.js:102:23)
    at Object.throw (/Volumes/2TBSSD/anilexternal/.npm/_npx/a8a7eec953f1f314/node_modules/node_modules/tslib/tslib.es6.js:83:53)
    at rejected (/Volumes/2TBSSD/anilexternal/.npm/_npx/a8a7eec953f1f314/node_modules/node_modules/tslib/tslib.es6.js:74:65) {
  error: DOMException [TimeoutError]: The operation was aborted due to timeout
      at node:internal/deps/undici/undici:13510:13,
  [cause]: DOMException [TimeoutError]: The operation was aborted due to timeout
      at node:internal/deps/undici/undici:13510:13
}
Error fetching feature flags Error [PostHogFetchNetworkError]: Network error while fetching PostHog
    at new PostHogFetchNetworkError (/Volumes/2TBSSD/anilexternal/.npm/_npx/a8a7eec953f1f314/node_modules/posthog-core/src/index.ts:41:5)
    at PostHog.<anonymous> (/Volumes/2TBSSD/anilexternal/.npm/_npx/a8a7eec953f1f314/node_modules/posthog-core/src/index.ts:546:17)
    at step (/Volumes/2TBSSD/anilexternal/.npm/_npx/a8a7eec953f1f314/node_modules/node_modules/tslib/tslib.es6.js:102:23)
    at Object.throw (/Volumes/2TBSSD/anilexternal/.npm/_npx/a8a7eec953f1f314/node_modules/node_modules/tslib/tslib.es6.js:83:53)
    at rejected (/Volumes/2TBSSD/anilexternal/.npm/_npx/a8a7eec953f1f314/node_modules/node_modules/tslib/tslib.es6.js:74:65) {
  error: DOMException [TimeoutError]: The operation was aborted due to timeout
      at node:internal/deps/undici/undici:13510:13,
  [cause]: DOMException [TimeoutError]: The operation was aborted due to timeout
      at node:internal/deps/undici/undici:13510:13
}
Error fetching feature flags Error [PostHogFetchNetworkError]: Network error while fetching PostHog
    at new PostHogFetchNetworkError (/Volumes/2TBSSD/anilexternal/.npm/_npx/a8a7eec953f1f314/node_modules/posthog-core/src/index.ts:41:5)
    at PostHog.<anonymous> (/Volumes/2TBSSD/anilexternal/.npm/_npx/a8a7eec953f1f314/node_modules/posthog-core/src/index.ts:546:17)
    at step (/Volumes/2TBSSD/anilexternal/.npm/_npx/a8a7eec953f1f314/node_modules/node_modules/tslib/tslib.es6.js:102:23)
    at Object.throw (/Volumes/2TBSSD/anilexternal/.npm/_npx/a8a7eec953f1f314/node_modules/node_modules/tslib/tslib.es6.js:83:53)
    at rejected (/Volumes/2TBSSD/anilexternal/.npm/_npx/a8a7eec953f1f314/node_modules/node_modules/tslib/tslib.es6.js:74:65)
    at runNextTicks (node:internal/process/task_queues:65:5)
    at listOnTimeout (node:internal/timers:549:9)
    at processTimers (node:internal/timers:523:7) {
  error: DOMException [TimeoutError]: The operation was aborted due to timeout
      at node:internal/deps/undici/undici:13510:13
      at runNextTicks (node:internal/process/task_queues:65:5)
      at listOnTimeout (node:internal/timers:549:9)
      at processTimers (node:internal/timers:523:7),
  [cause]: DOMException [TimeoutError]: The operation was aborted due to timeout
      at node:internal/deps/undici/undici:13510:13
      at runNextTicks (node:internal/process/task_queues:65:5)
      at listOnTimeout (node:internal/timers:549:9)
      at processTimers (node:internal/timers:523:7)
}
Error fetching feature flags Error [PostHogFetchNetworkError]: Network error while fetching PostHog
    at new PostHogFetchNetworkError (/Volumes/2TBSSD/anilexternal/.npm/_npx/a8a7eec953f1f314/node_modules/posthog-core/src/index.ts:41:5)
    at PostHog.<anonymous> (/Volumes/2TBSSD/anilexternal/.npm/_npx/a8a7eec953f1f314/node_modules/posthog-core/src/index.ts:546:17)
    at step (/Volumes/2TBSSD/anilexternal/.npm/_npx/a8a7eec953f1f314/node_modules/node_modules/tslib/tslib.es6.js:102:23)
    at Object.throw (/Volumes/2TBSSD/anilexternal/.npm/_npx/a8a7eec953f1f314/node_modules/node_modules/tslib/tslib.es6.js:83:53)
    at rejected (/Volumes/2TBSSD/anilexternal/.npm/_npx/a8a7eec953f1f314/node_modules/node_modules/tslib/tslib.es6.js:74:65) {
  error: DOMException [TimeoutError]: The operation was aborted due to timeout
      at node:internal/deps/undici/undici:13510:13,
  [cause]: DOMException [TimeoutError]: The operation was aborted due to timeout
      at node:internal/deps/undici/undici:13510:13
}
Error fetching feature flags Error [PostHogFetchNetworkError]: Network error while fetching PostHog
    at new PostHogFetchNetworkError (/Volumes/2TBSSD/anilexternal/.npm/_npx/a8a7eec953f1f314/node_modules/posthog-core/src/index.ts:41:5)
    at PostHog.<anonymous> (/Volumes/2TBSSD/anilexternal/.npm/_npx/a8a7eec953f1f314/node_modules/posthog-core/src/index.ts:546:17)
    at step (/Volumes/2TBSSD/anilexternal/.npm/_npx/a8a7eec953f1f314/node_modules/node_modules/tslib/tslib.es6.js:102:23)
    at Object.throw (/Volumes/2TBSSD/anilexternal/.npm/_npx/a8a7eec953f1f314/node_modules/node_modules/tslib/tslib.es6.js:83:53)
    at rejected (/Volumes/2TBSSD/anilexternal/.npm/_npx/a8a7eec953f1f314/node_modules/node_modules/tslib/tslib.es6.js:74:65) {
  error: DOMException [TimeoutError]: The operation was aborted due to timeout
      at node:internal/deps/undici/undici:13510:13,
  [cause]: DOMException [TimeoutError]: The operation was aborted due to timeout
      at node:internal/deps/undici/undici:13510:13
}
Error fetching feature flags Error [PostHogFetchNetworkError]: Network error while fetching PostHog
    at new PostHogFetchNetworkError (/Volumes/2TBSSD/anilexternal/.npm/_npx/a8a7eec953f1f314/node_modules/posthog-core/src/index.ts:41:5)
    at PostHog.<anonymous> (/Volumes/2TBSSD/anilexternal/.npm/_npx/a8a7eec953f1f314/node_modules/posthog-core/src/index.ts:546:17)
    at step (/Volumes/2TBSSD/anilexternal/.npm/_npx/a8a7eec953f1f314/node_modules/node_modules/tslib/tslib.es6.js:102:23)
    at Object.throw (/Volumes/2TBSSD/anilexternal/.npm/_npx/a8a7eec953f1f314/node_modules/node_modules/tslib/tslib.es6.js:83:53)
    at rejected (/Volumes/2TBSSD/anilexternal/.npm/_npx/a8a7eec953f1f314/node_modules/node_modules/tslib/tslib.es6.js:74:65) {
  error: DOMException [TimeoutError]: The operation was aborted due to timeout
      at node:internal/deps/undici/undici:13510:13,
  [cause]: DOMException [TimeoutError]: The operation was aborted due to timeout
      at node:internal/deps/undici/undici:13510:13
}
2025-12-27T05:57:05.835Z [Rudder] error: Response error code: ENOTFOUND
2025-12-27T05:57:05.854Z [Rudder] error: Error: ENOTFOUND
getaddrinfo ENOTFOUND telemetry.n8n.io
getaddrinfo ENOTFOUND telemetry.n8n.io
Error fetching feature flags Error [PostHogFetchNetworkError]: Network error while fetching PostHog
    at new PostHogFetchNetworkError (/Volumes/2TBSSD/anilexternal/.npm/_npx/a8a7eec953f1f314/node_modules/posthog-core/src/index.ts:41:5)
    at PostHog.<anonymous> (/Volumes/2TBSSD/anilexternal/.npm/_npx/a8a7eec953f1f314/node_modules/posthog-core/src/index.ts:546:17)
    at step (/Volumes/2TBSSD/anilexternal/.npm/_npx/a8a7eec953f1f314/node_modules/node_modules/tslib/tslib.es6.js:102:23)
    at Object.throw (/Volumes/2TBSSD/anilexternal/.npm/_npx/a8a7eec953f1f314/node_modules/node_modules/tslib/tslib.es6.js:83:53)
    at rejected (/Volumes/2TBSSD/anilexternal/.npm/_npx/a8a7eec953f1f314/node_modules/node_modules/tslib/tslib.es6.js:74:65) {
  error: DOMException [TimeoutError]: The operation was aborted due to timeout
      at node:internal/deps/undici/undici:13510:13,
  [cause]: DOMException [TimeoutError]: The operation was aborted due to timeout
      at node:internal/deps/undici/undici:13510:13
}
Pruning old insights data
